0 info it worked if it ends with ok
1 verbose cli [ 'node', '/usr/local/bin/npm', 'install', '--save', 'monogoose' ]
2 info using npm@1.4.28
3 info using node@v0.10.36
4 verbose cache add [ 'monogoose', null ]
5 verbose cache add name=undefined spec="monogoose" args=["monogoose",null]
6 verbose parsed url { protocol: null,
6 verbose parsed url   slashes: null,
6 verbose parsed url   auth: null,
6 verbose parsed url   host: null,
6 verbose parsed url   port: null,
6 verbose parsed url   hostname: null,
6 verbose parsed url   hash: null,
6 verbose parsed url   search: null,
6 verbose parsed url   query: null,
6 verbose parsed url   pathname: 'monogoose',
6 verbose parsed url   path: 'monogoose',
6 verbose parsed url   href: 'monogoose' }
7 silly lockFile 5e2911c6-monogoose monogoose
8 verbose lock monogoose /Users/joe2188/.npm/5e2911c6-monogoose.lock
9 silly lockFile 5e2911c6-monogoose monogoose
10 silly lockFile 5e2911c6-monogoose monogoose
11 verbose addNamed [ 'monogoose', '' ]
12 verbose addNamed [ null, '*' ]
13 silly lockFile 0ef8b96c-monogoose monogoose@
14 verbose lock monogoose@ /Users/joe2188/.npm/0ef8b96c-monogoose.lock
15 silly addNameRange { name: 'monogoose', range: '*', hasData: false }
16 verbose request where is /monogoose
17 verbose request registry https://registry.npmjs.org/
18 verbose request id c6754a2a08e787f4
19 verbose url raw /monogoose
20 verbose url resolving [ 'https://registry.npmjs.org/', './monogoose' ]
21 verbose url resolved https://registry.npmjs.org/monogoose
22 verbose request where is https://registry.npmjs.org/monogoose
23 info trying registry request attempt 1 at 17:29:47
24 http GET https://registry.npmjs.org/monogoose
25 http 404 https://registry.npmjs.org/monogoose
26 silly registry.get cb [ 404,
26 silly registry.get   { 'content-type': 'application/json',
26 silly registry.get     'cache-control': 'max-age=0',
26 silly registry.get     'content-length': '2',
26 silly registry.get     'accept-ranges': 'bytes',
26 silly registry.get     date: 'Sun, 03 Apr 2016 21:29:49 GMT',
26 silly registry.get     via: '1.1 varnish',
26 silly registry.get     age: '0',
26 silly registry.get     connection: 'keep-alive',
26 silly registry.get     'x-served-by': 'cache-iad2133-IAD',
26 silly registry.get     'x-cache': 'MISS',
26 silly registry.get     'x-cache-hits': '0',
26 silly registry.get     'x-timer': 'S1459718989.006652,VS0,VE393' } ]
27 silly lockFile 0ef8b96c-monogoose monogoose@
28 silly lockFile 0ef8b96c-monogoose monogoose@
29 error 404 Not Found
29 error 404
29 error 404 'monogoose' is not in the npm registry.
29 error 404 You should bug the author to publish it
29 error 404
29 error 404 Note that you can also install from a
29 error 404 tarball, folder, or http url, or git url.
30 error System Darwin 14.5.0
31 error command "node" "/usr/local/bin/npm" "install" "--save" "monogoose"
32 error cwd /Users/joe2188/dev/weight_room
33 error node -v v0.10.36
34 error npm -v 1.4.28
35 error code E404
36 verbose exit [ 1, true ]
